2026-02-21 23:02:373 INFO  WaitHelper:21 - waiting for element visibilityOf..
2026-02-21 23:02:591 INFO  WaitHelper:24 - element is visible..
2026-02-21 23:02:12 INFO  WaitHelper:21 - waiting for element visibilityOf..
2026-02-21 23:02:131 INFO  WaitHelper:24 - element is visible..
2026-02-21 23:02:231 INFO  WaitHelper:21 - waiting for element visibilityOf..
2026-02-21 23:02:263 INFO  WaitHelper:24 - element is visible..
2026-02-21 23:02:295 INFO  ServiceHooks:46 - Login with local profile is pass
2026-02-21 23:02:186 INFO  WaitHelper:21 - waiting for element visibilityOf..
2026-02-21 23:02:258 INFO  WaitHelper:24 - element is visible..
2026-02-21 23:02:384 INFO  WaitHelper:21 - waiting for element visibilityOf..
2026-02-21 23:02:433 INFO  WaitHelper:24 - element is visible..
2026-02-21 23:02:473 INFO  WaitHelper:21 - waiting for element visibilityOf..
2026-02-21 23:02:514 INFO  WaitHelper:24 - element is visible..
2026-02-21 23:02:538 INFO  ServiceHooks:46 - Create account (signup) with local profile is pass
2026-02-21 23:02:524 INFO  WaitHelper:21 - waiting for element visibilityOf..
2026-02-21 23:02:614 INFO  WaitHelper:24 - element is visible..
2026-02-21 23:02:12 INFO  WaitHelper:21 - waiting for element visibilityOf..
2026-02-21 23:02:99 INFO  WaitHelper:24 - element is visible..
2026-02-21 23:02:143 INFO  ServiceHooks:46 - Login after signup using local profile is pass
2026-02-21 23:02:947 INFO  WaitHelper:21 - waiting for element visibilityOf..
2026-02-21 23:02:21 INFO  WaitHelper:24 - element is visible..
2026-02-21 23:02:391 INFO  WaitHelper:21 - waiting for element visibilityOf..
2026-02-21 23:02:496 INFO  WaitHelper:24 - element is visible..
2026-02-21 23:02:541 INFO  ServiceHooks:46 - Login after signup using local profile is pass
